<?xml version="1.0" encoding="UTF-8"?>
<testng-results skipped="0" failed="0" ignored="0" total="1" passed="1">
  <reporter-output>
  </reporter-output>
  <suite name="Default suite" duration-ms="5659" started-at="2022-03-06T06:00:59Z" finished-at="2022-03-06T06:01:05Z">
    <groups>
    </groups>
    <test name="Default test" duration-ms="5659" started-at="2022-03-06T06:00:59Z" finished-at="2022-03-06T06:01:05Z">
      <class name="sample1.test1">
        <test-method status="PASS" signature="validateGoogle()[pri:0, instance:sample1.test1@56ef9176]" name="validateGoogle" duration-ms="5647" started-at="2022-03-06T11:30:59Z" finished-at="2022-03-06T11:31:05Z">
          <reporter-output>
          </reporter-output>
        </test-method> <!-- validateGoogle -->
      </class> <!-- sample1.test1 -->
    </test> <!-- Default test -->
  </suite> <!-- Default suite -->
</testng-results>
